<?xml version="1.0" encoding="UTF-8"?>
<!-- Generated by org.testng.reporters.JUnitReportReporter -->
<testsuite hostname="Murodjonis-MacBook-Pro.local" failures="0" tests="1" name="com.qa.murodjoni.AppTest" time="0.012" errors="0" timestamp="2024-04-28T16:26:33 MDT" skipped="0">
  <testcase classname="com.qa.murodjoni.AppTest" name="shouldAnswerWithTrue" time="0.012"/>
</testsuite> <!-- com.qa.murodjoni.AppTest -->
